<?xml version="1.0" encoding="UTF-8"?>
<testng-results ignored="0" total="1" passed="1" failed="0" skipped="0">
  <reporter-output>
  </reporter-output>
  <suite started-at="2024-08-04T11:57:22 IST" name="Default suite" finished-at="2024-08-04T11:57:26 IST" duration-ms="4034">
    <groups>
    </groups>
    <test started-at="2024-08-04T11:57:22 IST" name="Default test" finished-at="2024-08-04T11:57:26 IST" duration-ms="4034">
      <class name="demo.LocatorsTest">
        <test-method signature="test()[pri:0, instance:demo.LocatorsTest@4466af20]" started-at="2024-08-04T11:57:22 IST" name="test" finished-at="2024-08-04T11:57:26 IST" duration-ms="3976" status="PASS">
          <reporter-output>
          </reporter-output>
        </test-method> <!-- test -->
      </class> <!-- demo.LocatorsTest -->
    </test> <!-- Default test -->
  </suite> <!-- Default suite -->
</testng-results>
